
C:\xamppp\htdocs\team-sukses_if07ti2_pw2122\AllAboutPet\node_modules\uws>if not defined npm_config_node_gyp (node "C:\Users\regia\AppData\Roaming\npm\node_modules\npm\node_modules\npm-lifecycle\node-gyp-bin\\..\..\node_modules\node-gyp\bin\node-gyp.js" rebuild )  else (node "C:\Users\regia\AppData\Roaming\npm\node_modules\npm\node_modules\node-gyp\bin\node-gyp.js" rebuild ) 
Building the projects in this solution one at a time. To enable parallel build, please add the "-m" switch.
  Extensions.cpp
  Group.cpp
  Networking.cpp
  Hub.cpp
  Node.cpp
C:\xamppp\htdocs\team-sukses_if07ti2_pw2122\AllAboutPet\node_modules\uws\src\Hub.cpp(175,17): warning C4530: C++ exception handler used, but unwind semantics are not enabled. Specify /EHsc [C:\xamppp\htdocs\team-sukses_if07ti2_pw2122\AllAboutPet\node_modules\uws\build\uws.vcxproj]
  WebSocket.cpp
  HTTPSocket.cpp
  Socket.cpp
  addon.cpp
  win_delay_load_hook.cc
C:\xamppp\htdocs\team-sukses_if07ti2_pw2122\AllAboutPet\node_modules\uws\src\addon.h(21,15): warning C4996: 'node::MakeCallback': was declared deprecated (compiling source file ..\src\addon.cpp) [C:\xamppp\htdocs\team-sukses_if07ti2_pw2122\AllAboutPet\node_modules\uws\build\uws.vcxproj]
C:\xamppp\htdocs\team-sukses_if07ti2_pw2122\AllAboutPet\node_modules\uws\src\addon.h(37,1): error C2664: 'v8::String::Utf8Value::Utf8Value(const v8::String::Utf8Value &)': cannot convert argument 1 from 'const v8::Local<v8::Value>' to 'const v8::String::Utf8Value &' (compiling source file ..\src\addon.cpp) [C:\xamppp\htdocs\team-sukses_if07ti2_pw2122\AllAboutPet\node_modules\uws\build\uws.vcxproj]
C:\xamppp\htdocs\team-sukses_if07ti2_pw2122\AllAboutPet\node_modules\uws\src\addon.h(37,1): message : Reason: cannot convert from 'const v8::Local<v8::Value>' to 'const v8::String::Utf8Value' (compiling source file ..\src\addon.cpp) [C:\xamppp\htdocs\team-sukses_if07ti2_pw2122\AllAboutPet\node_modules\uws\build\uws.vcxproj]
C:\xamppp\htdocs\team-sukses_if07ti2_pw2122\AllAboutPet\node_modules\uws\src\addon.h(37,65): message : No user-defined-conversion operator available that can perform this conversion, or the operator cannot be called (compiling source file ..\src\addon.cpp) [C:\xamppp\htdocs\team-sukses_if07ti2_pw2122\AllAboutPet\node_modules\uws\build\uws.vcxproj]
C:\Users\regia\AppData\Local\node-gyp\Cache\12.18.3\include\node\v8.h(3142,5): message : see declaration of 'v8::String::Utf8Value::Utf8Value' (compiling source file ..\src\addon.cpp) [C:\xamppp\htdocs\team-sukses_if07ti2_pw2122\AllAboutPet\node_modules\uws\build\uws.vcxproj]
C:\xamppp\htdocs\team-sukses_if07ti2_pw2122\AllAboutPet\node_modules\uws\src\addon.h(102,136): warning C4996: 'v8::String::NewFromUtf8': was declared deprecated (compiling source file ..\src\addon.cpp) [C:\xamppp\htdocs\team-sukses_if07ti2_pw2122\AllAboutPet\node_modules\uws\build\uws.vcxproj]
C:\xamppp\htdocs\team-sukses_if07ti2_pw2122\AllAboutPet\node_modules\uws\src\addon.h(225,60): error C2661: 'v8::Value::ToObject': no overloaded function takes 0 arguments (compiling source file ..\src\addon.cpp) [C:\xamppp\htdocs\team-sukses_if07ti2_pw2122\AllAboutPet\node_modules\uws\build\uws.vcxproj]
C:\xamppp\htdocs\team-sukses_if07ti2_pw2122\AllAboutPet\node_modules\uws\src\addon.h(227,44): error C2660: 'v8::Value::IntegerValue': function does not take 0 arguments (compiling source file ..\src\addon.cpp) [C:\xamppp\htdocs\team-sukses_if07ti2_pw2122\AllAboutPet\node_modules\uws\build\uws.vcxproj]
C:\Users\regia\AppData\Local\node-gyp\Cache\12.18.3\include\node\v8.h(2705,40): message : see declaration of 'v8::Value::IntegerValue' (compiling source file ..\src\addon.cpp) [C:\xamppp\htdocs\team-sukses_if07ti2_pw2122\AllAboutPet\node_modules\uws\build\uws.vcxproj]
C:\xamppp\htdocs\team-sukses_if07ti2_pw2122\AllAboutPet\node_modules\uws\src\addon.h(341,15): warning C4996: 'node::MakeCallback': was declared deprecated (compiling source file ..\src\addon.cpp) [C:\xamppp\htdocs\team-sukses_if07ti2_pw2122\AllAboutPet\node_modules\uws\build\uws.vcxproj]
C:\xamppp\htdocs\team-sukses_if07ti2_pw2122\AllAboutPet\node_modules\uws\src\addon.h(405,1): error C2660: 'v8::Function::Call': function does not take 3 arguments (compiling source file ..\src\addon.cpp) [C:\xamppp\htdocs\team-sukses_if07ti2_pw2122\AllAboutPet\node_modules\uws\build\uws.vcxproj]
C:\Users\regia\AppData\Local\node-gyp\Cache\12.18.3\include\node\v8.h(4298,43): message : see declaration of 'v8::Function::Call' (compiling source file ..\src\addon.cpp) [C:\xamppp\htdocs\team-sukses_if07ti2_pw2122\AllAboutPet\node_modules\uws\build\uws.vcxproj]
C:\xamppp\htdocs\team-sukses_if07ti2_pw2122\AllAboutPet\node_modules\uws\src\addon.h(418,48): error C2660: 'v8::Value::IntegerValue': function does not take 0 arguments (compiling source file ..\src\addon.cpp) [C:\xamppp\htdocs\team-sukses_if07ti2_pw2122\AllAboutPet\node_modules\uws\build\uws.vcxproj]
C:\Users\regia\AppData\Local\node-gyp\Cache\12.18.3\include\node\v8.h(2705,40): message : see declaration of 'v8::Value::IntegerValue' (compiling source file ..\src\addon.cpp) [C:\xamppp\htdocs\team-sukses_if07ti2_pw2122\AllAboutPet\node_modules\uws\build\uws.vcxproj]
C:\xamppp\htdocs\team-sukses_if07ti2_pw2122\AllAboutPet\node_modules\uws\src\addon.h(427,38): error C2660: 'v8::Value::IntegerValue': function does not take 0 arguments (compiling source file ..\src\addon.cpp) [C:\xamppp\htdocs\team-sukses_if07ti2_pw2122\AllAboutPet\node_modules\uws\build\uws.vcxproj]
C:\Users\regia\AppData\Local\node-gyp\Cache\12.18.3\include\node\v8.h(2705,40): message : see declaration of 'v8::Value::IntegerValue' (compiling source file ..\src\addon.cpp) [C:\xamppp\htdocs\team-sukses_if07ti2_pw2122\AllAboutPet\node_modules\uws\build\uws.vcxproj]
C:\xamppp\htdocs\team-sukses_if07ti2_pw2122\AllAboutPet\node_modules\uws\src\http.h(31,1): error C2664: 'v8::MaybeLocal<v8::String> v8::String::NewFromOneByte(v8::Isolate *,const uint8_t *,v8::NewStringType,int)': cannot convert argument 3 from 'v8::String::NewStringType' to 'v8::NewStringType' (compiling source file ..\src\addon.cpp) [C:\xamppp\htdocs\team-sukses_if07ti2_pw2122\AllAboutPet\node_modules\uws\build\uws.vcxproj]
C:\xamppp\htdocs\team-sukses_if07ti2_pw2122\AllAboutPet\node_modules\uws\src\http.h(31,123): message : Conversion to enumeration type requires an explicit cast (static_cast, C-style cast or function-style cast) (compiling source file ..\src\addon.cpp) [C:\xamppp\htdocs\team-sukses_if07ti2_pw2122\AllAboutPet\node_modules\uws\build\uws.vcxproj]
C:\Users\regia\AppData\Local\node-gyp\Cache\12.18.3\include\node\v8.h(3044,51): message : see declaration of 'v8::String::NewFromOneByte' (compiling source file ..\src\addon.cpp) [C:\xamppp\htdocs\team-sukses_if07ti2_pw2122\AllAboutPet\node_modules\uws\build\uws.vcxproj]
C:\xamppp\htdocs\team-sukses_if07ti2_pw2122\AllAboutPet\node_modules\uws\src\http.h(42,1): warning C4311: 'type cast': pointer truncation from 'void *' to 'long' (compiling source file ..\src\addon.cpp) [C:\xamppp\htdocs\team-sukses_if07ti2_pw2122\AllAboutPet\node_modules\uws\build\uws.vcxproj]
C:\xamppp\htdocs\team-sukses_if07ti2_pw2122\AllAboutPet\node_modules\uws\src\http.h(42,1): warning C4302: 'type cast': truncation from 'void *' to 'long' (compiling source file ..\src\addon.cpp) [C:\xamppp\htdocs\team-sukses_if07ti2_pw2122\AllAboutPet\node_modules\uws\build\uws.vcxproj]
C:\xamppp\htdocs\team-sukses_if07ti2_pw2122\AllAboutPet\node_modules\uws\src\http.h(45,1): error C2664: 'v8::MaybeLocal<v8::String> v8::String::NewFromOneByte(v8::Isolate *,const uint8_t *,v8::NewStringType,int)': cannot convert argument 3 from 'v8::String::NewStringType' to 'v8::NewStringType' (compiling source file ..\src\addon.cpp) [C:\xamppp\htdocs\team-sukses_if07ti2_pw2122\AllAboutPet\node_modules\uws\build\uws.vcxproj]
C:\xamppp\htdocs\team-sukses_if07ti2_pw2122\AllAboutPet\node_modules\uws\src\http.h(45,112): message : Conversion to enumeration type requires an explicit cast (static_cast, C-style cast or function-style cast) (compiling source file ..\src\addon.cpp) [C:\xamppp\htdocs\team-sukses_if07ti2_pw2122\AllAboutPet\node_modules\uws\build\uws.vcxproj]
C:\Users\regia\AppData\Local\node-gyp\Cache\12.18.3\include\node\v8.h(3044,51): message : see declaration of 'v8::String::NewFromOneByte' (compiling source file ..\src\addon.cpp) [C:\xamppp\htdocs\team-sukses_if07ti2_pw2122\AllAboutPet\node_modules\uws\build\uws.vcxproj]
C:\xamppp\htdocs\team-sukses_if07ti2_pw2122\AllAboutPet\node_modules\uws\src\http.h(48,1): error C2664: 'v8::MaybeLocal<v8::String> v8::String::NewFromOneByte(v8::Isolate *,const uint8_t *,v8::NewStringType,int)': cannot convert argument 3 from 'v8::String::NewStringType' to 'v8::NewStringType' (compiling source file ..\src\addon.cpp) [C:\xamppp\htdocs\team-sukses_if07ti2_pw2122\AllAboutPet\node_modules\uws\build\uws.vcxproj]
C:\xamppp\htdocs\team-sukses_if07ti2_pw2122\AllAboutPet\node_modules\uws\src\http.h(48,112): message : Conversion to enumeration type requires an explicit cast (static_cast, C-style cast or function-style cast) (compiling source file ..\src\addon.cpp) [C:\xamppp\htdocs\team-sukses_if07ti2_pw2122\AllAboutPet\node_modules\uws\build\uws.vcxproj]
C:\Users\regia\AppData\Local\node-gyp\Cache\12.18.3\include\node\v8.h(3044,51): message : see declaration of 'v8::String::NewFromOneByte' (compiling source file ..\src\addon.cpp) [C:\xamppp\htdocs\team-sukses_if07ti2_pw2122\AllAboutPet\node_modules\uws\build\uws.vcxproj]
C:\xamppp\htdocs\team-sukses_if07ti2_pw2122\AllAboutPet\node_modules\uws\src\http.h(51,1): error C2664: 'v8::MaybeLocal<v8::String> v8::String::NewFromOneByte(v8::Isolate *,const uint8_t *,v8::NewStringType,int)': cannot convert argument 3 from 'v8::String::NewStringType' to 'v8::NewStringType' (compiling source file ..\src\addon.cpp) [C:\xamppp\htdocs\team-sukses_if07ti2_pw2122\AllAboutPet\node_modules\uws\build\uws.vcxproj]
C:\xamppp\htdocs\team-sukses_if07ti2_pw2122\AllAboutPet\node_modules\uws\src\http.h(51,113): message : Conversion to enumeration type requires an explicit cast (static_cast, C-style cast or function-style cast) (compiling source file ..\src\addon.cpp) [C:\xamppp\htdocs\team-sukses_if07ti2_pw2122\AllAboutPet\node_modules\uws\build\uws.vcxproj]
C:\Users\regia\AppData\Local\node-gyp\Cache\12.18.3\include\node\v8.h(3044,51): message : see declaration of 'v8::String::NewFromOneByte' (compiling source file ..\src\addon.cpp) [C:\xamppp\htdocs\team-sukses_if07ti2_pw2122\AllAboutPet\node_modules\uws\build\uws.vcxproj]
C:\xamppp\htdocs\team-sukses_if07ti2_pw2122\AllAboutPet\node_modules\uws\src\http.h(54,1): error C2664: 'v8::MaybeLocal<v8::String> v8::String::NewFromOneByte(v8::Isolate *,const uint8_t *,v8::NewStringType,int)': cannot convert argument 3 from 'v8::String::NewStringType' to 'v8::NewStringType' (compiling source file ..\src\addon.cpp) [C:\xamppp\htdocs\team-sukses_if07ti2_pw2122\AllAboutPet\node_modules\uws\build\uws.vcxproj]
C:\xamppp\htdocs\team-sukses_if07ti2_pw2122\AllAboutPet\node_modules\uws\src\http.h(54,113): message : Conversion to enumeration type requires an explicit cast (static_cast, C-style cast or function-style cast) (compiling source file ..\src\addon.cpp) [C:\xamppp\htdocs\team-sukses_if07ti2_pw2122\AllAboutPet\node_modules\uws\build\uws.vcxproj]
C:\Users\regia\AppData\Local\node-gyp\Cache\12.18.3\include\node\v8.h(3044,51): message : see declaration of 'v8::String::NewFromOneByte' (compiling source file ..\src\addon.cpp) [C:\xamppp\htdocs\team-sukses_if07ti2_pw2122\AllAboutPet\node_modules\uws\build\uws.vcxproj]
C:\xamppp\htdocs\team-sukses_if07ti2_pw2122\AllAboutPet\node_modules\uws\src\http.h(57,1): error C2664: 'v8::MaybeLocal<v8::String> v8::String::NewFromOneByte(v8::Isolate *,const uint8_t *,v8::NewStringType,int)': cannot convert argument 3 from 'v8::String::NewStringType' to 'v8::NewStringType' (compiling source file ..\src\addon.cpp) [C:\xamppp\htdocs\team-sukses_if07ti2_pw2122\AllAboutPet\node_modules\uws\build\uws.vcxproj]
C:\xamppp\htdocs\team-sukses_if07ti2_pw2122\AllAboutPet\node_modules\uws\src\http.h(57,114): message : Conversion to enumeration type requires an explicit cast (static_cast, C-style cast or function-style cast) (compiling source file ..\src\addon.cpp) [C:\xamppp\htdocs\team-sukses_if07ti2_pw2122\AllAboutPet\node_modules\uws\build\uws.vcxproj]
C:\Users\regia\AppData\Local\node-gyp\Cache\12.18.3\include\node\v8.h(3044,51): message : see declaration of 'v8::String::NewFromOneByte' (compiling source file ..\src\addon.cpp) [C:\xamppp\htdocs\team-sukses_if07ti2_pw2122\AllAboutPet\node_modules\uws\build\uws.vcxproj]
C:\xamppp\htdocs\team-sukses_if07ti2_pw2122\AllAboutPet\node_modules\uws\src\http.h(60,1): error C2664: 'v8::MaybeLocal<v8::String> v8::String::NewFromOneByte(v8::Isolate *,const uint8_t *,v8::NewStringType,int)': cannot convert argument 3 from 'v8::String::NewStringType' to 'v8::NewStringType' (compiling source file ..\src\addon.cpp) [C:\xamppp\htdocs\team-sukses_if07ti2_pw2122\AllAboutPet\node_modules\uws\build\uws.vcxproj]
C:\xamppp\htdocs\team-sukses_if07ti2_pw2122\AllAboutPet\node_modules\uws\src\http.h(60,114): message : Conversion to enumeration type requires an explicit cast (static_cast, C-style cast or function-style cast) (compiling source file ..\src\addon.cpp) [C:\xamppp\htdocs\team-sukses_if07ti2_pw2122\AllAboutPet\node_modules\uws\build\uws.vcxproj]
C:\Users\regia\AppData\Local\node-gyp\Cache\12.18.3\include\node\v8.h(3044,51): message : see declaration of 'v8::String::NewFromOneByte' (compiling source file ..\src\addon.cpp) [C:\xamppp\htdocs\team-sukses_if07ti2_pw2122\AllAboutPet\node_modules\uws\build\uws.vcxproj]
C:\xamppp\htdocs\team-sukses_if07ti2_pw2122\AllAboutPet\node_modules\uws\src\http.h(63,1): error C2664: 'v8::MaybeLocal<v8::String> v8::String::NewFromOneByte(v8::Isolate *,const uint8_t *,v8::NewStringType,int)': cannot convert argument 3 from 'v8::String::NewStringType' to 'v8::NewStringType' (compiling source file ..\src\addon.cpp) [C:\xamppp\htdocs\team-sukses_if07ti2_pw2122\AllAboutPet\node_modules\uws\build\uws.vcxproj]
C:\xamppp\htdocs\team-sukses_if07ti2_pw2122\AllAboutPet\node_modules\uws\src\http.h(63,115): message : Conversion to enumeration type requires an explicit cast (static_cast, C-style cast or function-style cast) (compiling source file ..\src\addon.cpp) [C:\xamppp\htdocs\team-sukses_if07ti2_pw2122\AllAboutPet\node_modules\uws\build\uws.vcxproj]
C:\Users\regia\AppData\Local\node-gyp\Cache\12.18.3\include\node\v8.h(3044,51): message : see declaration of 'v8::String::NewFromOneByte' (compiling source file ..\src\addon.cpp) [C:\xamppp\htdocs\team-sukses_if07ti2_pw2122\AllAboutPet\node_modules\uws\build\uws.vcxproj]
C:\xamppp\htdocs\team-sukses_if07ti2_pw2122\AllAboutPet\node_modules\uws\src\http.h(66,1): error C2664: 'v8::MaybeLocal<v8::String> v8::String::NewFromOneByte(v8::Isolate *,const uint8_t *,v8::NewStringType,int)': cannot convert argument 3 from 'v8::String::NewStringType' to 'v8::NewStringType' (compiling source file ..\src\addon.cpp) [C:\xamppp\htdocs\team-sukses_if07ti2_pw2122\AllAboutPet\node_modules\uws\build\uws.vcxproj]
C:\xamppp\htdocs\team-sukses_if07ti2_pw2122\AllAboutPet\node_modules\uws\src\http.h(66,116): message : Conversion to enumeration type requires an explicit cast (static_cast, C-style cast or function-style cast) (compiling source file ..\src\addon.cpp) [C:\xamppp\htdocs\team-sukses_if07ti2_pw2122\AllAboutPet\node_modules\uws\build\uws.vcxproj]
C:\Users\regia\AppData\Local\node-gyp\Cache\12.18.3\include\node\v8.h(3044,51): message : see declaration of 'v8::String::NewFromOneByte' (compiling source file ..\src\addon.cpp) [C:\xamppp\htdocs\team-sukses_if07ti2_pw2122\AllAboutPet\node_modules\uws\build\uws.vcxproj]
C:\xamppp\htdocs\team-sukses_if07ti2_pw2122\AllAboutPet\node_modules\uws\src\http.h(69,1): error C2664: 'v8::MaybeLocal<v8::String> v8::String::NewFromOneByte(v8::Isolate *,const uint8_t *,v8::NewStringType,int)': cannot convert argument 3 from 'v8::String::NewStringType' to 'v8::NewStringType' (compiling source file ..\src\addon.cpp) [C:\xamppp\htdocs\team-sukses_if07ti2_pw2122\AllAboutPet\node_modules\uws\build\uws.vcxproj]
C:\xamppp\htdocs\team-sukses_if07ti2_pw2122\AllAboutPet\node_modules\uws\src\http.h(69,116): message : Conversion to enumeration type requires an explicit cast (static_cast, C-style cast or function-style cast) (compiling source file ..\src\addon.cpp) [C:\xamppp\htdocs\team-sukses_if07ti2_pw2122\AllAboutPet\node_modules\uws\build\uws.vcxproj]
C:\Users\regia\AppData\Local\node-gyp\Cache\12.18.3\include\node\v8.h(3044,51): message : see declaration of 'v8::String::NewFromOneByte' (compiling source file ..\src\addon.cpp) [C:\xamppp\htdocs\team-sukses_if07ti2_pw2122\AllAboutPet\node_modules\uws\build\uws.vcxproj]
C:\xamppp\htdocs\team-sukses_if07ti2_pw2122\AllAboutPet\node_modules\uws\src\http.h(99,1): error C2660: 'v8::FunctionTemplate::GetFunction': function does not take 0 arguments (compiling source file ..\src\addon.cpp) [C:\xamppp\htdocs\team-sukses_if07ti2_pw2122\AllAboutPet\node_modules\uws\build\uws.vcxproj]
C:\Users\regia\AppData\Local\node-gyp\Cache\12.18.3\include\node\v8.h(6126,46): message : see declaration of 'v8::FunctionTemplate::GetFunction' (compiling source file ..\src\addon.cpp) [C:\xamppp\htdocs\team-sukses_if07ti2_pw2122\AllAboutPet\node_modules\uws\build\uws.vcxproj]
C:\xamppp\htdocs\team-sukses_if07ti2_pw2122\AllAboutPet\node_modules\uws\src\http.h(102,30): error C2039: 'SetNamedPropertyHandler': is not a member of 'v8::ObjectTemplate' (compiling source file ..\src\addon.cpp) [C:\xamppp\htdocs\team-sukses_if07ti2_pw2122\AllAboutPet\node_modules\uws\build\uws.vcxproj]
C:\Users\regia\AppData\Local\node-gyp\Cache\12.18.3\include\node\v8.h(6411): message : see declaration of 'v8::ObjectTemplate' (compiling source file ..\src\addon.cpp) [C:\xamppp\htdocs\team-sukses_if07ti2_pw2122\AllAboutPet\node_modules\uws\build\uws.vcxproj]
C:\xamppp\htdocs\team-sukses_if07ti2_pw2122\AllAboutPet\node_modules\uws\src\http.h(104,1): error C2660: 'v8::ObjectTemplate::NewInstance': function does not take 0 arguments (compiling source file ..\src\addon.cpp) [C:\xamppp\htdocs\team-sukses_if07ti2_pw2122\AllAboutPet\node_modules\uws\build\uws.vcxproj]
C:\Users\regia\AppData\Local\node-gyp\Cache\12.18.3\include\node\v8.h(6423,44): message : see declaration of 'v8::ObjectTemplate::NewInstance' (compiling source file ..\src\addon.cpp) [C:\xamppp\htdocs\team-sukses_if07ti2_pw2122\AllAboutPet\node_modules\uws\build\uws.vcxproj]
C:\xamppp\htdocs\team-sukses_if07ti2_pw2122\AllAboutPet\node_modules\uws\src\http.h(104,1): error C2661: 'v8::Object::Set': no overloaded function takes 1 arguments (compiling source file ..\src\addon.cpp) [C:\xamppp\htdocs\team-sukses_if07ti2_pw2122\AllAboutPet\node_modules\uws\build\uws.vcxproj]
C:\xamppp\htdocs\team-sukses_if07ti2_pw2122\AllAboutPet\node_modules\uws\src\http.h(90,52): warning C4996: 'v8::String::NewFromUtf8': was declared deprecated (compiling source file ..\src\addon.cpp) [C:\xamppp\htdocs\team-sukses_if07ti2_pw2122\AllAboutPet\node_modules\uws\build\uws.vcxproj]
C:\xamppp\htdocs\team-sukses_if07ti2_pw2122\AllAboutPet\node_modules\uws\src\http.h(92,72): warning C4996: 'v8::String::NewFromUtf8': was declared deprecated (compiling source file ..\src\addon.cpp) [C:\xamppp\htdocs\team-sukses_if07ti2_pw2122\AllAboutPet\node_modules\uws\build\uws.vcxproj]
C:\xamppp\htdocs\team-sukses_if07ti2_pw2122\AllAboutPet\node_modules\uws\src\http.h(93,72): warning C4996: 'v8::String::NewFromUtf8': was declared deprecated (compiling source file ..\src\addon.cpp) [C:\xamppp\htdocs\team-sukses_if07ti2_pw2122\AllAboutPet\node_modules\uws\build\uws.vcxproj]
C:\xamppp\htdocs\team-sukses_if07ti2_pw2122\AllAboutPet\node_modules\uws\src\http.h(94,64): warning C4996: 'v8::String::NewFromUtf8': was declared deprecated (compiling source file ..\src\addon.cpp) [C:\xamppp\htdocs\team-sukses_if07ti2_pw2122\AllAboutPet\node_modules\uws\build\uws.vcxproj]
C:\xamppp\htdocs\team-sukses_if07ti2_pw2122\AllAboutPet\node_modules\uws\src\http.h(95,64): warning C4996: 'v8::String::NewFromUtf8': was declared deprecated (compiling source file ..\src\addon.cpp) [C:\xamppp\htdocs\team-sukses_if07ti2_pw2122\AllAboutPet\node_modules\uws\build\uws.vcxproj]
C:\xamppp\htdocs\team-sukses_if07ti2_pw2122\AllAboutPet\node_modules\uws\src\http.h(96,64): warning C4996: 'v8::String::NewFromUtf8': was declared deprecated (compiling source file ..\src\addon.cpp) [C:\xamppp\htdocs\team-sukses_if07ti2_pw2122\AllAboutPet\node_modules\uws\build\uws.vcxproj]
C:\xamppp\htdocs\team-sukses_if07ti2_pw2122\AllAboutPet\node_modules\uws\src\http.h(97,64): warning C4996: 'v8::String::NewFromUtf8': was declared deprecated (compiling source file ..\src\addon.cpp) [C:\xamppp\htdocs\team-sukses_if07ti2_pw2122\AllAboutPet\node_modules\uws\build\uws.vcxproj]
C:\xamppp\htdocs\team-sukses_if07ti2_pw2122\AllAboutPet\node_modules\uws\src\http.h(137,1): error C2660: 'v8::Value::IntegerValue': function does not take 0 arguments (compiling source file ..\src\addon.cpp) [C:\xamppp\htdocs\team-sukses_if07ti2_pw2122\AllAboutPet\node_modules\uws\build\uws.vcxproj]
C:\Users\regia\AppData\Local\node-gyp\Cache\12.18.3\include\node\v8.h(2705,40): message : see declaration of 'v8::Value::IntegerValue' (compiling source file ..\src\addon.cpp) [C:\xamppp\htdocs\team-sukses_if07ti2_pw2122\AllAboutPet\node_modules\uws\build\uws.vcxproj]
C:\xamppp\htdocs\team-sukses_if07ti2_pw2122\AllAboutPet\node_modules\uws\src\http.h(147,1): error C2661: 'v8::Value::ToObject': no overloaded function takes 0 arguments (compiling source file ..\src\addon.cpp) [C:\xamppp\htdocs\team-sukses_if07ti2_pw2122\AllAboutPet\node_modules\uws\build\uws.vcxproj]
C:\xamppp\htdocs\team-sukses_if07ti2_pw2122\AllAboutPet\node_modules\uws\src\http.h(148,1): error C2661: 'v8::Object::GetOwnPropertyNames': no overloaded function takes 0 arguments (compiling source file ..\src\addon.cpp) [C:\xamppp\htdocs\team-sukses_if07ti2_pw2122\AllAboutPet\node_modules\uws\build\uws.vcxproj]
C:\xamppp\htdocs\team-sukses_if07ti2_pw2122\AllAboutPet\node_modules\uws\src\http.h(149,39): warning C4018: '<': signed/unsigned mismatch (compiling source file ..\src\addon.cpp) [C:\xamppp\htdocs\team-sukses_if07ti2_pw2122\AllAboutPet\node_modules\uws\build\uws.vcxproj]
C:\xamppp\htdocs\team-sukses_if07ti2_pw2122\AllAboutPet\node_modules\uws\src\http.h(150,51): warning C4996: 'v8::Object::Get': was declared deprecated (compiling source file ..\src\addon.cpp) [C:\xamppp\htdocs\team-sukses_if07ti2_pw2122\AllAboutPet\node_modules\uws\build\uws.vcxproj]
C:\xamppp\htdocs\team-sukses_if07ti2_pw2122\AllAboutPet\node_modules\uws\src\http.h(151,59): warning C4996: 'v8::Object::Get': was declared deprecated (compiling source file ..\src\addon.cpp) [C:\xamppp\htdocs\team-sukses_if07ti2_pw2122\AllAboutPet\node_modules\uws\build\uws.vcxproj]
C:\xamppp\htdocs\team-sukses_if07ti2_pw2122\AllAboutPet\node_modules\uws\src\http.h(196,1): error C2660: 'v8::FunctionTemplate::GetFunction': function does not take 0 arguments (compiling source file ..\src\addon.cpp) [C:\xamppp\htdocs\team-sukses_if07ti2_pw2122\AllAboutPet\node_modules\uws\build\uws.vcxproj]
C:\Users\regia\AppData\Local\node-gyp\Cache\12.18.3\include\node\v8.h(6126,46): message : see declaration of 'v8::FunctionTemplate::GetFunction' (compiling source file ..\src\addon.cpp) [C:\xamppp\htdocs\team-sukses_if07ti2_pw2122\AllAboutPet\node_modules\uws\build\uws.vcxproj]
C:\xamppp\htdocs\team-sukses_if07ti2_pw2122\AllAboutPet\node_modules\uws\src\http.h(188,52): warning C4996: 'v8::String::NewFromUtf8': was declared deprecated (compiling source file ..\src\addon.cpp) [C:\xamppp\htdocs\team-sukses_if07ti2_pw2122\AllAboutPet\node_modules\uws\build\uws.vcxproj]
C:\xamppp\htdocs\team-sukses_if07ti2_pw2122\AllAboutPet\node_modules\uws\src\http.h(190,64): warning C4996: 'v8::String::NewFromUtf8': was declared deprecated (compiling source file ..\src\addon.cpp) [C:\xamppp\htdocs\team-sukses_if07ti2_pw2122\AllAboutPet\node_modules\uws\build\uws.vcxproj]
C:\xamppp\htdocs\team-sukses_if07ti2_pw2122\AllAboutPet\node_modules\uws\src\http.h(191,64): warning C4996: 'v8::String::NewFromUtf8': was declared deprecated (compiling source file ..\src\addon.cpp) [C:\xamppp\htdocs\team-sukses_if07ti2_pw2122\AllAboutPet\node_modules\uws\build\uws.vcxproj]
C:\xamppp\htdocs\team-sukses_if07ti2_pw2122\AllAboutPet\node_modules\uws\src\http.h(192,64): warning C4996: 'v8::String::NewFromUtf8': was declared deprecated (compiling source file ..\src\addon.cpp) [C:\xamppp\htdocs\team-sukses_if07ti2_pw2122\AllAboutPet\node_modules\uws\build\uws.vcxproj]
C:\xamppp\htdocs\team-sukses_if07ti2_pw2122\AllAboutPet\node_modules\uws\src\http.h(193,64): warning C4996: 'v8::String::NewFromUtf8': was declared deprecated (compiling source file ..\src\addon.cpp) [C:\xamppp\htdocs\team-sukses_if07ti2_pw2122\AllAboutPet\node_modules\uws\build\uws.vcxproj]
C:\xamppp\htdocs\team-sukses_if07ti2_pw2122\AllAboutPet\node_modules\uws\src\http.h(194,64): warning C4996: 'v8::String::NewFromUtf8': was declared deprecated (compiling source file ..\src\addon.cpp) [C:\xamppp\htdocs\team-sukses_if07ti2_pw2122\AllAboutPet\node_modules\uws\build\uws.vcxproj]
C:\xamppp\htdocs\team-sukses_if07ti2_pw2122\AllAboutPet\node_modules\uws\src\http.h(195,64): warning C4996: 'v8::String::NewFromUtf8': was declared deprecated (compiling source file ..\src\addon.cpp) [C:\xamppp\htdocs\team-sukses_if07ti2_pw2122\AllAboutPet\node_modules\uws\build\uws.vcxproj]
C:\xamppp\htdocs\team-sukses_if07ti2_pw2122\AllAboutPet\node_modules\uws\src\http.h(226,1): warning C4312: 'type cast': conversion from 'long' to 'void *' of greater size (compiling source file ..\src\addon.cpp) [C:\xamppp\htdocs\team-sukses_if07ti2_pw2122\AllAboutPet\node_modules\uws\build\uws.vcxproj]
C:\xamppp\htdocs\team-sukses_if07ti2_pw2122\AllAboutPet\node_modules\uws\src\http.h(227,1): error C2664: 'v8::MaybeLocal<v8::String> v8::String::NewFromOneByte(v8::Isolate *,const uint8_t *,v8::NewStringType,int)': cannot convert argument 3 from 'v8::String::NewStringType' to 'v8::NewStringType' (compiling source file ..\src\addon.cpp) [C:\xamppp\htdocs\team-sukses_if07ti2_pw2122\AllAboutPet\node_modules\uws\build\uws.vcxproj]
C:\xamppp\htdocs\team-sukses_if07ti2_pw2122\AllAboutPet\node_modules\uws\src\http.h(227,116): message : Conversion to enumeration type requires an explicit cast (static_cast, C-style cast or function-style cast) (compiling source file ..\src\addon.cpp) [C:\xamppp\htdocs\team-sukses_if07ti2_pw2122\AllAboutPet\node_modules\uws\build\uws.vcxproj]
C:\Users\regia\AppData\Local\node-gyp\Cache\12.18.3\include\node\v8.h(3044,51): message : see declaration of 'v8::String::NewFromOneByte' (compiling source file ..\src\addon.cpp) [C:\xamppp\htdocs\team-sukses_if07ti2_pw2122\AllAboutPet\node_modules\uws\build\uws.vcxproj]
C:\xamppp\htdocs\team-sukses_if07ti2_pw2122\AllAboutPet\node_modules\uws\src\http.h(227,1): error C2660: 'v8::Object::SetInternalField': function does not take 1 arguments (compiling source file ..\src\addon.cpp) [C:\xamppp\htdocs\team-sukses_if07ti2_pw2122\AllAboutPet\node_modules\uws\build\uws.vcxproj]
C:\Users\regia\AppData\Local\node-gyp\Cache\12.18.3\include\node\v8.h(3745,8): message : see declaration of 'v8::Object::SetInternalField' (compiling source file ..\src\addon.cpp) [C:\xamppp\htdocs\team-sukses_if07ti2_pw2122\AllAboutPet\node_modules\uws\build\uws.vcxproj]
C:\xamppp\htdocs\team-sukses_if07ti2_pw2122\AllAboutPet\node_modules\uws\src\http.h(230,1): error C2660: 'v8::Function::Call': function does not take 3 arguments (compiling source file ..\src\addon.cpp) [C:\xamppp\htdocs\team-sukses_if07ti2_pw2122\AllAboutPet\node_modules\uws\build\uws.vcxproj]
C:\Users\regia\AppData\Local\node-gyp\Cache\12.18.3\include\node\v8.h(4298,43): message : see declaration of 'v8::Function::Call' (compiling source file ..\src\addon.cpp) [C:\xamppp\htdocs\team-sukses_if07ti2_pw2122\AllAboutPet\node_modules\uws\build\uws.vcxproj]
C:\xamppp\htdocs\team-sukses_if07ti2_pw2122\AllAboutPet\node_modules\uws\src\http.h(236,1): error C2660: 'v8::Function::Call': function does not take 3 arguments (compiling source file ..\src\addon.cpp) [C:\xamppp\htdocs\team-sukses_if07ti2_pw2122\AllAboutPet\node_modules\uws\build\uws.vcxproj]
C:\Users\regia\AppData\Local\node-gyp\Cache\12.18.3\include\node\v8.h(4298,43): message : see declaration of 'v8::Function::Call' (compiling source file ..\src\addon.cpp) [C:\xamppp\htdocs\team-sukses_if07ti2_pw2122\AllAboutPet\node_modules\uws\build\uws.vcxproj]
C:\xamppp\htdocs\team-sukses_if07ti2_pw2122\AllAboutPet\node_modules\uws\src\http.h(242,1): error C2660: 'v8::Function::Call': function does not take 3 arguments (compiling source file ..\src\addon.cpp) [C:\xamppp\htdocs\team-sukses_if07ti2_pw2122\AllAboutPet\node_modules\uws\build\uws.vcxproj]
C:\Users\regia\AppData\Local\node-gyp\Cache\12.18.3\include\node\v8.h(4298,43): message : see declaration of 'v8::Function::Call' (compiling source file ..\src\addon.cpp) [C:\xamppp\htdocs\team-sukses_if07ti2_pw2122\AllAboutPet\node_modules\uws\build\uws.vcxproj]
C:\xamppp\htdocs\team-sukses_if07ti2_pw2122\AllAboutPet\node_modules\uws\src\http.h(265,1): error C2660: 'v8::Function::Call': function does not take 3 arguments (compiling source file ..\src\addon.cpp) [C:\xamppp\htdocs\team-sukses_if07ti2_pw2122\AllAboutPet\node_modules\uws\build\uws.vcxproj]
C:\Users\regia\AppData\Local\node-gyp\Cache\12.18.3\include\node\v8.h(4298,43): message : see declaration of 'v8::Function::Call' (compiling source file ..\src\addon.cpp) [C:\xamppp\htdocs\team-sukses_if07ti2_pw2122\AllAboutPet\node_modules\uws\build\uws.vcxproj]
C:\xamppp\htdocs\team-sukses_if07ti2_pw2122\AllAboutPet\node_modules\uws\src\http.h(280,1): error C2660: 'v8::Function::Call': function does not take 3 arguments (compiling source file ..\src\addon.cpp) [C:\xamppp\htdocs\team-sukses_if07ti2_pw2122\AllAboutPet\node_modules\uws\build\uws.vcxproj]
C:\Users\regia\AppData\Local\node-gyp\Cache\12.18.3\include\node\v8.h(4298,43): message : see declaration of 'v8::Function::Call' (compiling source file ..\src\addon.cpp) [C:\xamppp\htdocs\team-sukses_if07ti2_pw2122\AllAboutPet\node_modules\uws\build\uws.vcxproj]
C:\xamppp\htdocs\team-sukses_if07ti2_pw2122\AllAboutPet\node_modules\uws\src\http.h(286,1): error C2660: 'v8::Function::Call': function does not take 3 arguments (compiling source file ..\src\addon.cpp) [C:\xamppp\htdocs\team-sukses_if07ti2_pw2122\AllAboutPet\node_modules\uws\build\uws.vcxproj]
C:\Users\regia\AppData\Local\node-gyp\Cache\12.18.3\include\node\v8.h(4298,43): message : see declaration of 'v8::Function::Call' (compiling source file ..\src\addon.cpp) [C:\xamppp\htdocs\team-sukses_if07ti2_pw2122\AllAboutPet\node_modules\uws\build\uws.vcxproj]
C:\xamppp\htdocs\team-sukses_if07ti2_pw2122\AllAboutPet\node_modules\uws\src\http.h(293,1): error C2661: 'v8::Function::NewInstance': no overloaded function takes 0 arguments (compiling source file ..\src\addon.cpp) [C:\xamppp\htdocs\team-sukses_if07ti2_pw2122\AllAboutPet\node_modules\uws\build\uws.vcxproj]
C:\xamppp\htdocs\team-sukses_if07ti2_pw2122\AllAboutPet\node_modules\uws\src\http.h(308,1): error C2660: 'v8::Value::IntegerValue': function does not take 0 arguments (compiling source file ..\src\addon.cpp) [C:\xamppp\htdocs\team-sukses_if07ti2_pw2122\AllAboutPet\node_modules\uws\build\uws.vcxproj]
C:\Users\regia\AppData\Local\node-gyp\Cache\12.18.3\include\node\v8.h(2705,40): message : see declaration of 'v8::Value::IntegerValue' (compiling source file ..\src\addon.cpp) [C:\xamppp\htdocs\team-sukses_if07ti2_pw2122\AllAboutPet\node_modules\uws\build\uws.vcxproj]
C:\xamppp\htdocs\team-sukses_if07ti2_pw2122\AllAboutPet\node_modules\uws\src\http.h(311,1): error C2660: 'v8::Function::Call': function does not take 3 arguments (compiling source file ..\src\addon.cpp) [C:\xamppp\htdocs\team-sukses_if07ti2_pw2122\AllAboutPet\node_modules\uws\build\uws.vcxproj]
C:\Users\regia\AppData\Local\node-gyp\Cache\12.18.3\include\node\v8.h(4298,43): message : see declaration of 'v8::Function::Call' (compiling source file ..\src\addon.cpp) [C:\xamppp\htdocs\team-sukses_if07ti2_pw2122\AllAboutPet\node_modules\uws\build\uws.vcxproj]
C:\xamppp\htdocs\team-sukses_if07ti2_pw2122\AllAboutPet\node_modules\uws\src\http.h(320,1): error C2661: 'v8::Value::ToObject': no overloaded function takes 0 arguments (compiling source file ..\src\addon.cpp) [C:\xamppp\htdocs\team-sukses_if07ti2_pw2122\AllAboutPet\node_modules\uws\build\uws.vcxproj]
C:\xamppp\htdocs\team-sukses_if07ti2_pw2122\AllAboutPet\node_modules\uws\src\http.h(321,1): error C2661: 'v8::Value::ToObject': no overloaded function takes 0 arguments (compiling source file ..\src\addon.cpp) [C:\xamppp\htdocs\team-sukses_if07ti2_pw2122\AllAboutPet\node_modules\uws\build\uws.vcxproj]
C:\xamppp\htdocs\team-sukses_if07ti2_pw2122\AllAboutPet\node_modules\uws\src\http.h(327,1): error C2661: 'v8::Function::NewInstance': no overloaded function takes 0 arguments (compiling source file ..\src\addon.cpp) [C:\xamppp\htdocs\team-sukses_if07ti2_pw2122\AllAboutPet\node_modules\uws\build\uws.vcxproj]
C:\xamppp\htdocs\team-sukses_if07ti2_pw2122\AllAboutPet\node_modules\uws\src\http.h(353,1): error C2660: 'v8::FunctionTemplate::GetFunction': function does not take 0 arguments (compiling source file ..\src\addon.cpp) [C:\xamppp\htdocs\team-sukses_if07ti2_pw2122\AllAboutPet\node_modules\uws\build\uws.vcxproj]
C:\Users\regia\AppData\Local\node-gyp\Cache\12.18.3\include\node\v8.h(6126,46): message : see declaration of 'v8::FunctionTemplate::GetFunction' (compiling source file ..\src\addon.cpp) [C:\xamppp\htdocs\team-sukses_if07ti2_pw2122\AllAboutPet\node_modules\uws\build\uws.vcxproj]
C:\xamppp\htdocs\team-sukses_if07ti2_pw2122\AllAboutPet\node_modules\uws\src\http.h(343,33): warning C4996: 'v8::String::NewFromUtf8': was declared deprecated (compiling source file ..\src\addon.cpp) [C:\xamppp\htdocs\team-sukses_if07ti2_pw2122\AllAboutPet\node_modules\uws\build\uws.vcxproj]
C:\xamppp\htdocs\team-sukses_if07ti2_pw2122\AllAboutPet\node_modules\uws\src\http.h(344,33): warning C4996: 'v8::String::NewFromUtf8': was declared deprecated (compiling source file ..\src\addon.cpp) [C:\xamppp\htdocs\team-sukses_if07ti2_pw2122\AllAboutPet\node_modules\uws\build\uws.vcxproj]
C:\xamppp\htdocs\team-sukses_if07ti2_pw2122\AllAboutPet\node_modules\uws\src\http.h(345,33): warning C4996: 'v8::String::NewFromUtf8': was declared deprecated (compiling source file ..\src\addon.cpp) [C:\xamppp\htdocs\team-sukses_if07ti2_pw2122\AllAboutPet\node_modules\uws\build\uws.vcxproj]
C:\xamppp\htdocs\team-sukses_if07ti2_pw2122\AllAboutPet\node_modules\uws\src\http.h(346,33): warning C4996: 'v8::String::NewFromUtf8': was declared deprecated (compiling source file ..\src\addon.cpp) [C:\xamppp\htdocs\team-sukses_if07ti2_pw2122\AllAboutPet\node_modules\uws\build\uws.vcxproj]
C:\xamppp\htdocs\team-sukses_if07ti2_pw2122\AllAboutPet\node_modules\uws\src\http.h(347,54): warning C4996: 'v8::String::NewFromUtf8': was declared deprecated (compiling source file ..\src\addon.cpp) [C:\xamppp\htdocs\team-sukses_if07ti2_pw2122\AllAboutPet\node_modules\uws\build\uws.vcxproj]
C:\xamppp\htdocs\team-sukses_if07ti2_pw2122\AllAboutPet\node_modules\uws\src\http.h(348,54): warning C4996: 'v8::String::NewFromUtf8': was declared deprecated (compiling source file ..\src\addon.cpp) [C:\xamppp\htdocs\team-sukses_if07ti2_pw2122\AllAboutPet\node_modules\uws\build\uws.vcxproj]
C:\xamppp\htdocs\team-sukses_if07ti2_pw2122\AllAboutPet\node_modules\uws\src\addon.cpp(8,12): warning C4996: 'v8::Object::Set': was declared deprecated [C:\xamppp\htdocs\team-sukses_if07ti2_pw2122\AllAboutPet\node_modules\uws\build\uws.vcxproj]
C:\xamppp\htdocs\team-sukses_if07ti2_pw2122\AllAboutPet\node_modules\uws\src\addon.cpp(9,12): warning C4996: 'v8::Object::Set': was declared deprecated [C:\xamppp\htdocs\team-sukses_if07ti2_pw2122\AllAboutPet\node_modules\uws\build\uws.vcxproj]
C:\xamppp\htdocs\team-sukses_if07ti2_pw2122\AllAboutPet\node_modules\uws\src\addon.cpp(10,12): warning C4996: 'v8::Object::Set': was declared deprecated [C:\xamppp\htdocs\team-sukses_if07ti2_pw2122\AllAboutPet\node_modules\uws\build\uws.vcxproj]
gyp ERR! build error 
gyp ERR! stack Error: `C:\Program Files (x86)\Microsoft Visual Studio\2019\BuildTools\MSBuild\Current\Bin\MSBuild.exe` failed with exit code: 1
gyp ERR! stack     at ChildProcess.onExit (C:\Users\regia\AppData\Roaming\npm\node_modules\npm\node_modules\node-gyp\lib\build.js:194:23)
gyp ERR! stack     at ChildProcess.emit (events.js:315:20)
gyp ERR! stack     at Process.ChildProcess._handle.onexit (internal/child_process.js:275:12)
gyp ERR! System Windows_NT 10.0.19044
gyp ERR! command "C:\\Program Files\\nodejs\\node.exe" "C:\\Users\\regia\\AppData\\Roaming\\npm\\node_modules\\npm\\node_modules\\node-gyp\\bin\\node-gyp.js" "rebuild"
gyp ERR! cwd C:\xamppp\htdocs\team-sukses_if07ti2_pw2122\AllAboutPet\node_modules\uws
gyp ERR! node -v v12.18.3
gyp ERR! node-gyp -v v5.1.0
gyp ERR! not ok 
